Using pre-set license
Built from '6000.0/staging' branch; Version is '6000.0.32f1 (b2e806cf271c) revision 11724806'; Using compiler version '193933523'; Build Type 'Release'
OS: 'Windows 11  (10.0.26100) 64bit Professional' Language: 'tr' Physical Memory: 32581 MB
BatchMode: 1, IsHumanControllingUs: 0, StartBugReporterOnCrash: 0, Is64bit: 1, IsPro: 1

COMMAND LINE ARGUMENTS:
C:\Program Files\Unity\Hub\Editor\6000.0.32f1\Editor\Unity.exe
-adb2
-batchMode
-noUpm
-name
AssetImportWorker2
-projectPath
C:/Users/savas/Obstacle Dodge
-logFile
Logs/AssetImportWorker2.log
-srvPort
62225
-job-worker-count
9
-background-job-worker-count
8
-gc-helper-count
1
Successfully changed project path to: C:/Users/savas/Obstacle Dodge
C:/Users/savas/Obstacle Dodge
[UnityMemory] Configuration Parameters - Can be set up in boot.config
    "memorysetup-bucket-allocator-granularity=16"
    "memorysetup-bucket-allocator-bucket-count=8"
    "memorysetup-bucket-allocator-block-size=33554432"
    "memorysetup-bucket-allocator-block-count=8"
    "memorysetup-main-allocator-block-size=16777216"
    "memorysetup-thread-allocator-block-size=16777216"
    "memorysetup-gfx-main-allocator-block-size=16777216"
    "memorysetup-gfx-thread-allocator-block-size=16777216"
    "memorysetup-cache-allocator-block-size=4194304"
    "memorysetup-typetree-allocator-block-size=2097152"
    "memorysetup-profiler-bucket-allocator-granularity=16"
    "memorysetup-profiler-bucket-allocator-bucket-count=8"
    "memorysetup-profiler-bucket-allocator-block-size=33554432"
    "memorysetup-profiler-bucket-allocator-block-count=8"
    "memorysetup-profiler-allocator-block-size=16777216"
    "memorysetup-profiler-editor-allocator-block-size=1048576"
    "memorysetup-temp-allocator-size-main=16777216"
    "memorysetup-job-temp-allocator-block-size=2097152"
    "memorysetup-job-temp-allocator-block-size-background=1048576"
    "memorysetup-job-temp-allocator-reduction-small-platforms=262144"
    "memorysetup-allocator-temp-initial-block-size-main=262144"
    "memorysetup-allocator-temp-initial-block-size-worker=262144"
    "memorysetup-temp-allocator-size-background-worker=32768"
    "memorysetup-temp-allocator-size-job-worker=262144"
    "memorysetup-temp-allocator-size-preload-manager=33554432"
    "memorysetup-temp-allocator-size-nav-mesh-worker=65536"
    "memorysetup-temp-allocator-size-audio-worker=65536"
    "memorysetup-temp-allocator-size-cloud-worker=32768"
    "memorysetup-temp-allocator-size-gi-baking-worker=262144"
    "memorysetup-temp-allocator-size-gi-baking-worker=262144"
    "memorysetup-temp-allocator-size-gi-baking-worker=262144"
    "memorysetup-temp-allocator-size-gi-baking-worker=262144"
    "memorysetup-temp-allocator-size-gi-baking-worker=262144"
    "memorysetup-temp-allocator-size-gfx=262144"
Player connection [30624]  Target information:

Player connection [30624]  * "[IP] 192.168.1.103 [Port] 0 [Flags] 2 [Guid] 2829988754 [EditorId] 2829988754 [Version] 1048832 [Id] WindowsEditor(7,savas) [Debug] 1 [PackageName] WindowsEditor [ProjectName] Editor" 

Player connection [30624] Host joined multi-casting on [225.0.0.222:54997]...
Player connection [30624] Host joined alternative multi-casting on [225.0.0.222:34997]...
JobSystem: Creating JobQueue using job-worker-count value 9
[Physics::Module] Initialized fallback backend.
[Physics::Module] Id: 0xdecafbad
Library Redirect Path: Library/
[Physics::Module] Selected backend.
[Physics::Module] Name: PhysX
[Physics::Module] Id: 0xf2b8ea05
[Physics::Module] SDK Version: 4.1.2
[Physics::Module] Integration Version: 1.0.0
[Physics::Module] Threading Mode: Multi-Threaded
Refreshing native plugins compatible for Editor in 64.94 ms, found 3 plugins.
Preloading 0 native plugins for Editor in 0.00 ms.
Initialize engine version: 6000.0.32f1 (b2e806cf271c)
[Subsystems] Discovering subsystems at path C:/Program Files/Unity/Hub/Editor/6000.0.32f1/Editor/Data/Resources/UnitySubsystems
[Subsystems] Discovering subsystems at path C:/Users/savas/Obstacle Dodge/Assets
GfxDevice: creating device client; kGfxThreadingModeNonThreaded
Direct3D:
    Version:  Direct3D 11.0 [level 11.1]
    Renderer: NVIDIA GeForce RTX 3060 Ti (ID=0x24c9)
    Vendor:   NVIDIA
    VRAM:     8024 MB
    Driver:   32.0.15.6636
Initialize mono
Mono path[0] = 'C:/Program Files/Unity/Hub/Editor/6000.0.32f1/Editor/Data/Managed'
Mono path[1] = 'C:/Program Files/Unity/Hub/Editor/6000.0.32f1/Editor/Data/MonoBleedingEdge/lib/mono/unityjit-win32'
Mono config path = 'C:/Program Files/Unity/Hub/Editor/6000.0.32f1/Editor/Data/MonoBleedingEdge/etc'
Using monoOptions --debugger-agent=transport=dt_socket,embedding=1,server=y,suspend=n,address=127.0.0.1:56848
Begin MonoManager ReloadAssembly
Registering precompiled unity dll's ...
Register platform support module: C:/Program Files/Unity/Hub/Editor/6000.0.32f1/Editor/Data/PlaybackEngines/WindowsStandaloneSupport/UnityEditor.WindowsStandalone.Extensions.dll
Register platform support module: C:/Program Files/Unity/Hub/Editor/6000.0.32f1/Editor/Data/PlaybackEngines/AndroidPlayer/UnityEditor.Android.Extensions.dll
Register platform support module: C:/Program Files/Unity/Hub/Editor/6000.0.32f1/Editor/Data/PlaybackEngines/iOSSupport/UnityEditor.iOS.Extensions.dll
Registered in 0.002191 seconds.
- Loaded All Assemblies, in  0.246 seconds
[usbmuxd] Start listen thread
[usbmuxd] Listen thread started
Native extension for iOS target not found
Native extension for Android target not found
Android Extension - Scanning For ADB Devices 195 ms
Native extension for WindowsStandalone target not found
Mono: successfully reloaded assembly
- Finished resetting the current domain, in  0.428 seconds
Domain Reload Profiling: 673ms
	BeginReloadAssembly (82ms)
		ExecutionOrderSort (0ms)
		DisableScriptedObjects (0ms)
		BackupInstance (0ms)
		ReleaseScriptingObjects (0ms)
		CreateAndSetChildDomain (1ms)
	RebuildCommonClasses (23ms)
	RebuildNativeTypeToScriptingClass (7ms)
	initialDomainReloadingComplete (32ms)
	LoadAllAssembliesAndSetupDomain (101ms)
		LoadAssemblies (81ms)
		RebuildTransferFunctionScriptingTraits (0ms)
		AnalyzeDomain (98ms)
			TypeCache.Refresh (98ms)
				TypeCache.ScanAssembly (89ms)
			BuildScriptInfoCaches (0ms)
			ResolveRequiredComponents (0ms)
	FinalizeReload (428ms)
		ReleaseScriptCaches (0ms)
		RebuildScriptCaches (0ms)
		SetupLoadedEditorAssemblies (400ms)
			LogAssemblyErrors (0ms)
			InitializePlatformSupportModulesInManaged (259ms)
			SetLoadedEditorAssemblies (2ms)
			BeforeProcessingInitializeOnLoad (31ms)
			ProcessInitializeOnLoadAttributes (69ms)
			ProcessInitializeOnLoadMethodAttributes (38ms)
			AfterProcessingInitializeOnLoad (0ms)
			EditorAssembliesLoaded (0ms)
		ExecutionOrderSort2 (0ms)
		AwakeInstancesAfterBackupRestoration (0ms)
Assembly reference Packages/com.unity.cinemachine/Editor/Samples/ExposeHDRPInternals/HDRP-Editor-ref.asmref has no target assembly definition
========================================================================
Worker process is ready to serve import requests
Import Worker Mode flag is 0x00
Assembly reference Packages/com.unity.cinemachine/Editor/Samples/ExposeHDRPInternals/HDRP-Editor-ref.asmref has no target assembly definition
Assembly reference Packages/com.unity.cinemachine/Editor/Samples/ExposeHDRPInternals/HDRP-Editor-ref.asmref has no target assembly definition
Begin MonoManager ReloadAssembly
- Loaded All Assemblies, in  0.494 seconds
Assembly reference Packages/com.unity.cinemachine/Editor/Samples/ExposeHDRPInternals/HDRP-Editor-ref.asmref has no target assembly definition
'Packages/com.unity.cinemachine/Editor/Obsolete/CinemachineVirtualCameraBaseEditor.cs' contains partial class of Unity.Object, exactly 1 of the partial classes needs to be in a file with the same filename. This is to know the one that can be referenced from ie. GameObjects
'Packages/com.unity.cinemachine/Editor/Editors/CinemachineVirtualCameraBaseEditor.cs' contains partial class of Unity.Object, exactly 1 of the partial classes needs to be in a file with the same filename. This is to know the one that can be referenced from ie. GameObjects
Refreshing native plugins compatible for Editor in 0.40 ms, found 3 plugins.
Native extension for iOS target not found
Native extension for Android target not found
Native extension for WindowsStandalone target not found
Assembly reference Packages/com.unity.cinemachine/Editor/Samples/ExposeHDRPInternals/HDRP-Editor-ref.asmref has no target assembly definition
Package Manager log level set to [2]
[Package Manager] Failed to launch server process. Reason: Unity was launched with the -noUpm command-line argument
[Package Manager] Unable to send message (not connected to server process).
[Package Manager] Cannot connect to Unity Package Manager local server
Mono: successfully reloaded assembly
- Finished resetting the current domain, in  0.583 seconds
Domain Reload Profiling: 1075ms
	BeginReloadAssembly (102ms)
		ExecutionOrderSort (0ms)
		DisableScriptedObjects (4ms)
		BackupInstance (0ms)
		ReleaseScriptingObjects (0ms)
		CreateAndSetChildDomain (17ms)
	RebuildCommonClasses (23ms)
	RebuildNativeTypeToScriptingClass (7ms)
	initialDomainReloadingComplete (25ms)
	LoadAllAssembliesAndSetupDomain (336ms)
		LoadAssemblies (219ms)
		RebuildTransferFunctionScriptingTraits (0ms)
		AnalyzeDomain (179ms)
			TypeCache.Refresh (128ms)
				TypeCache.ScanAssembly (116ms)
			BuildScriptInfoCaches (41ms)
			ResolveRequiredComponents (8ms)
	FinalizeReload (583ms)
		ReleaseScriptCaches (0ms)
		RebuildScriptCaches (0ms)
		SetupLoadedEditorAssemblies (409ms)
			LogAssemblyErrors (0ms)
			InitializePlatformSupportModulesInManaged (10ms)
			SetLoadedEditorAssemblies (3ms)
			BeforeProcessingInitializeOnLoad (63ms)
			ProcessInitializeOnLoadAttributes (282ms)
			ProcessInitializeOnLoadMethodAttributes (48ms)
			AfterProcessingInitializeOnLoad (2ms)
			EditorAssembliesLoaded (0ms)
		ExecutionOrderSort2 (0ms)
		AwakeInstancesAfterBackupRestoration (3ms)
Launched and connected shader compiler UnityShaderCompiler.exe after 0.01 seconds
Refreshing native plugins compatible for Editor in 0.47 ms, found 3 plugins.
Preloading 0 native plugins for Editor in 0.00 ms.
Unloading 199 Unused Serialized files (Serialized files now loaded: 0)
Unloading 6305 unused Assets / (4.3 MB). Loaded Objects now: 6977.
Memory consumption went from 162.6 MB to 158.3 MB.
Total: 5.028100 ms (FindLiveObjects: 0.388600 ms CreateObjectMapping: 0.294800 ms MarkObjects: 3.107800 ms  DeleteObjects: 1.236200 ms)

========================================================================
Received Prepare
'Packages/com.unity.cinemachine/Editor/Obsolete/CinemachineVirtualCameraBaseEditor.cs' contains partial class of Unity.Object, exactly 1 of the partial classes needs to be in a file with the same filename. This is to know the one that can be referenced from ie. GameObjects
'Packages/com.unity.cinemachine/Editor/Editors/CinemachineVirtualCameraBaseEditor.cs' contains partial class of Unity.Object, exactly 1 of the partial classes needs to be in a file with the same filename. This is to know the one that can be referenced from ie. GameObjects
Refreshing native plugins compatible for Editor in 0.72 ms, found 3 plugins.
Preloading 0 native plugins for Editor in 0.00 ms.
Unloading 14 Unused Serialized files (Serialized files now loaded: 0)
Unloading 6297 unused Assets / (4.1 MB). Loaded Objects now: 6978.
Memory consumption went from 131.7 MB to 127.6 MB.
Total: 5.810400 ms (FindLiveObjects: 0.492400 ms CreateObjectMapping: 0.659700 ms MarkObjects: 3.499500 ms  DeleteObjects: 1.157700 ms)

Prepare: number of updated asset objects reloaded= 0
========================================================================
Received Import Request.
  Time since last request: 152895.409836 seconds.
  path: Assets/Scripts/TriggerVideo.cs
  artifactKey: Guid(9dd775060d4c85c409cd252f3da97470) Importer(815301076,1909f56bfc062723c751e8b465ee728b)
Start importing Assets/Scripts/TriggerVideo.cs using Guid(9dd775060d4c85c409cd252f3da97470) Importer(815301076,1909f56bfc062723c751e8b465ee728b) (PreviewImporter) -> (artifact id: 'ec037b5d6a9f6be85d11132d44086d33') in 0.006247 seconds
Number of updated asset objects reloaded before import = 0Number of asset objects unloaded after import = 0

========================================================================
Received Prepare
Assembly reference Packages/com.unity.cinemachine/Editor/Samples/ExposeHDRPInternals/HDRP-Editor-ref.asmref has no target assembly definition
Assembly reference Packages/com.unity.cinemachine/Editor/Samples/ExposeHDRPInternals/HDRP-Editor-ref.asmref has no target assembly definition
Begin MonoManager ReloadAssembly
- Loaded All Assemblies, in  0.477 seconds
Assembly reference Packages/com.unity.cinemachine/Editor/Samples/ExposeHDRPInternals/HDRP-Editor-ref.asmref has no target assembly definition
'Packages/com.unity.cinemachine/Editor/Obsolete/CinemachineVirtualCameraBaseEditor.cs' contains partial class of Unity.Object, exactly 1 of the partial classes needs to be in a file with the same filename. This is to know the one that can be referenced from ie. GameObjects
'Packages/com.unity.cinemachine/Editor/Editors/CinemachineVirtualCameraBaseEditor.cs' contains partial class of Unity.Object, exactly 1 of the partial classes needs to be in a file with the same filename. This is to know the one that can be referenced from ie. GameObjects
Refreshing native plugins compatible for Editor in 0.54 ms, found 3 plugins.
Native extension for iOS target not found
Native extension for Android target not found
Native extension for WindowsStandalone target not found
Assembly reference Packages/com.unity.cinemachine/Editor/Samples/ExposeHDRPInternals/HDRP-Editor-ref.asmref has no target assembly definition
[Package Manager] Failed to launch server process. Reason: Unity was launched with the -noUpm command-line argument
[Package Manager] Unable to send message (not connected to server process).
[Package Manager] Cannot connect to Unity Package Manager local server
Mono: successfully reloaded assembly
- Finished resetting the current domain, in  0.615 seconds
Domain Reload Profiling: 1092ms
	BeginReloadAssembly (143ms)
		ExecutionOrderSort (0ms)
		DisableScriptedObjects (3ms)
		BackupInstance (0ms)
		ReleaseScriptingObjects (0ms)
		CreateAndSetChildDomain (34ms)
	RebuildCommonClasses (25ms)
	RebuildNativeTypeToScriptingClass (9ms)
	initialDomainReloadingComplete (17ms)
	LoadAllAssembliesAndSetupDomain (284ms)
		LoadAssemblies (226ms)
		RebuildTransferFunctionScriptingTraits (0ms)
		AnalyzeDomain (131ms)
			TypeCache.Refresh (6ms)
				TypeCache.ScanAssembly (0ms)
			BuildScriptInfoCaches (113ms)
			ResolveRequiredComponents (9ms)
	FinalizeReload (615ms)
		ReleaseScriptCaches (0ms)
		RebuildScriptCaches (0ms)
		SetupLoadedEditorAssemblies (479ms)
			LogAssemblyErrors (0ms)
			InitializePlatformSupportModulesInManaged (11ms)
			SetLoadedEditorAssemblies (4ms)
			BeforeProcessingInitializeOnLoad (65ms)
			ProcessInitializeOnLoadAttributes (350ms)
			ProcessInitializeOnLoadMethodAttributes (45ms)
			AfterProcessingInitializeOnLoad (3ms)
			EditorAssembliesLoaded (0ms)
		ExecutionOrderSort2 (0ms)
		AwakeInstancesAfterBackupRestoration (7ms)
Refreshing native plugins compatible for Editor in 0.50 ms, found 3 plugins.
Preloading 0 native plugins for Editor in 0.00 ms.
Unloading 24 Unused Serialized files (Serialized files now loaded: 0)
Unloading 6304 unused Assets / (4.0 MB). Loaded Objects now: 6995.
Memory consumption went from 147.1 MB to 143.1 MB.
Total: 5.374300 ms (FindLiveObjects: 0.366800 ms CreateObjectMapping: 0.206400 ms MarkObjects: 3.433500 ms  DeleteObjects: 1.366400 ms)

Prepare: number of updated asset objects reloaded= 0
========================================================================
Received Import Request.
  Time since last request: 5.289040 seconds.
  path: Assets/Scripts/TriggerVideo.cs
  artifactKey: Guid(9dd775060d4c85c409cd252f3da97470) Importer(815301076,1909f56bfc062723c751e8b465ee728b)
Start importing Assets/Scripts/TriggerVideo.cs using Guid(9dd775060d4c85c409cd252f3da97470) Importer(815301076,1909f56bfc062723c751e8b465ee728b) (PreviewImporter) -> (artifact id: '5c536d278643f2fb8551104037f31f27') in 0.0047092 seconds
Number of updated asset objects reloaded before import = 0Number of asset objects unloaded after import = 0

========================================================================
Received Prepare
'Packages/com.unity.cinemachine/Editor/Obsolete/CinemachineVirtualCameraBaseEditor.cs' contains partial class of Unity.Object, exactly 1 of the partial classes needs to be in a file with the same filename. This is to know the one that can be referenced from ie. GameObjects
'Packages/com.unity.cinemachine/Editor/Editors/CinemachineVirtualCameraBaseEditor.cs' contains partial class of Unity.Object, exactly 1 of the partial classes needs to be in a file with the same filename. This is to know the one that can be referenced from ie. GameObjects
Refreshing native plugins compatible for Editor in 0.46 ms, found 3 plugins.
Preloading 0 native plugins for Editor in 0.00 ms.
Unloading 14 Unused Serialized files (Serialized files now loaded: 0)
Unloading 6297 unused Assets / (4.1 MB). Loaded Objects now: 6995.
Memory consumption went from 145.6 MB to 141.5 MB.
Total: 5.487000 ms (FindLiveObjects: 0.346400 ms CreateObjectMapping: 0.215800 ms MarkObjects: 2.866300 ms  DeleteObjects: 2.057200 ms)

Prepare: number of updated asset objects reloaded= 0
========================================================================
Received Prepare
Assembly reference Packages/com.unity.cinemachine/Editor/Samples/ExposeHDRPInternals/HDRP-Editor-ref.asmref has no target assembly definition
Assembly reference Packages/com.unity.cinemachine/Editor/Samples/ExposeHDRPInternals/HDRP-Editor-ref.asmref has no target assembly definition
Begin MonoManager ReloadAssembly
- Loaded All Assemblies, in  0.486 seconds
Assembly reference Packages/com.unity.cinemachine/Editor/Samples/ExposeHDRPInternals/HDRP-Editor-ref.asmref has no target assembly definition
'Packages/com.unity.cinemachine/Editor/Obsolete/CinemachineVirtualCameraBaseEditor.cs' contains partial class of Unity.Object, exactly 1 of the partial classes needs to be in a file with the same filename. This is to know the one that can be referenced from ie. GameObjects
'Packages/com.unity.cinemachine/Editor/Editors/CinemachineVirtualCameraBaseEditor.cs' contains partial class of Unity.Object, exactly 1 of the partial classes needs to be in a file with the same filename. This is to know the one that can be referenced from ie. GameObjects
Refreshing native plugins compatible for Editor in 0.47 ms, found 3 plugins.
Native extension for iOS target not found
Native extension for Android target not found
Native extension for WindowsStandalone target not found
Assembly reference Packages/com.unity.cinemachine/Editor/Samples/ExposeHDRPInternals/HDRP-Editor-ref.asmref has no target assembly definition
[Package Manager] Failed to launch server process. Reason: Unity was launched with the -noUpm command-line argument
[Package Manager] Unable to send message (not connected to server process).
[Package Manager] Cannot connect to Unity Package Manager local server
Mono: successfully reloaded assembly
- Finished resetting the current domain, in  0.688 seconds
Domain Reload Profiling: 1176ms
	BeginReloadAssembly (140ms)
		ExecutionOrderSort (0ms)
		DisableScriptedObjects (5ms)
		BackupInstance (0ms)
		ReleaseScriptingObjects (0ms)
		CreateAndSetChildDomain (36ms)
	RebuildCommonClasses (23ms)
	RebuildNativeTypeToScriptingClass (8ms)
	initialDomainReloadingComplete (17ms)
	LoadAllAssembliesAndSetupDomain (300ms)
		LoadAssemblies (230ms)
		RebuildTransferFunctionScriptingTraits (0ms)
		AnalyzeDomain (134ms)
			TypeCache.Refresh (6ms)
				TypeCache.ScanAssembly (0ms)
			BuildScriptInfoCaches (115ms)
			ResolveRequiredComponents (10ms)
	FinalizeReload (689ms)
		ReleaseScriptCaches (0ms)
		RebuildScriptCaches (0ms)
		SetupLoadedEditorAssemblies (553ms)
			LogAssemblyErrors (0ms)
			InitializePlatformSupportModulesInManaged (13ms)
			SetLoadedEditorAssemblies (6ms)
			BeforeProcessingInitializeOnLoad (87ms)
			ProcessInitializeOnLoadAttributes (408ms)
			ProcessInitializeOnLoadMethodAttributes (36ms)
			AfterProcessingInitializeOnLoad (2ms)
			EditorAssembliesLoaded (0ms)
		ExecutionOrderSort2 (0ms)
		AwakeInstancesAfterBackupRestoration (7ms)
Refreshing native plugins compatible for Editor in 0.48 ms, found 3 plugins.
Preloading 0 native plugins for Editor in 0.00 ms.
Unloading 14 Unused Serialized files (Serialized files now loaded: 0)
Unloading 6304 unused Assets / (3.1 MB). Loaded Objects now: 6997.
Memory consumption went from 145.4 MB to 142.4 MB.
Total: 4.582400 ms (FindLiveObjects: 0.474600 ms CreateObjectMapping: 0.201800 ms MarkObjects: 2.852200 ms  DeleteObjects: 1.053000 ms)

Prepare: number of updated asset objects reloaded= 0
========================================================================
Received Prepare
'Packages/com.unity.cinemachine/Editor/Obsolete/CinemachineVirtualCameraBaseEditor.cs' contains partial class of Unity.Object, exactly 1 of the partial classes needs to be in a file with the same filename. This is to know the one that can be referenced from ie. GameObjects
'Packages/com.unity.cinemachine/Editor/Editors/CinemachineVirtualCameraBaseEditor.cs' contains partial class of Unity.Object, exactly 1 of the partial classes needs to be in a file with the same filename. This is to know the one that can be referenced from ie. GameObjects
Refreshing native plugins compatible for Editor in 0.85 ms, found 3 plugins.
Preloading 0 native plugins for Editor in 0.00 ms.
Unloading 14 Unused Serialized files (Serialized files now loaded: 0)
Unloading 6298 unused Assets / (4.0 MB). Loaded Objects now: 6998.
Memory consumption went from 145.6 MB to 141.6 MB.
Total: 6.007300 ms (FindLiveObjects: 0.524800 ms CreateObjectMapping: 0.340400 ms MarkObjects: 4.033000 ms  DeleteObjects: 1.108000 ms)

Prepare: number of updated asset objects reloaded= 0
========================================================================
Received Import Request.
  Time since last request: 637.676513 seconds.
  path: Assets/Scripts/FalseVideo.cs
  artifactKey: Guid(9af14bbcfa4c59a41904b5336f851147) Importer(815301076,1909f56bfc062723c751e8b465ee728b)
Start importing Assets/Scripts/FalseVideo.cs using Guid(9af14bbcfa4c59a41904b5336f851147) Importer(815301076,1909f56bfc062723c751e8b465ee728b) (PreviewImporter) -> (artifact id: 'b345466a526f5ea60492ddf5a55855bf') in 0.0161107 seconds
Number of updated asset objects reloaded before import = 0Number of asset objects unloaded after import = 0

========================================================================
Received Prepare
Assembly reference Packages/com.unity.cinemachine/Editor/Samples/ExposeHDRPInternals/HDRP-Editor-ref.asmref has no target assembly definition
Assembly reference Packages/com.unity.cinemachine/Editor/Samples/ExposeHDRPInternals/HDRP-Editor-ref.asmref has no target assembly definition
Begin MonoManager ReloadAssembly
- Loaded All Assemblies, in  0.457 seconds
Assembly reference Packages/com.unity.cinemachine/Editor/Samples/ExposeHDRPInternals/HDRP-Editor-ref.asmref has no target assembly definition
'Packages/com.unity.cinemachine/Editor/Obsolete/CinemachineVirtualCameraBaseEditor.cs' contains partial class of Unity.Object, exactly 1 of the partial classes needs to be in a file with the same filename. This is to know the one that can be referenced from ie. GameObjects
'Packages/com.unity.cinemachine/Editor/Editors/CinemachineVirtualCameraBaseEditor.cs' contains partial class of Unity.Object, exactly 1 of the partial classes needs to be in a file with the same filename. This is to know the one that can be referenced from ie. GameObjects
Refreshing native plugins compatible for Editor in 0.72 ms, found 3 plugins.
Native extension for iOS target not found
Native extension for Android target not found
Native extension for WindowsStandalone target not found
Assembly reference Packages/com.unity.cinemachine/Editor/Samples/ExposeHDRPInternals/HDRP-Editor-ref.asmref has no target assembly definition
[Package Manager] Failed to launch server process. Reason: Unity was launched with the -noUpm command-line argument
[Package Manager] Unable to send message (not connected to server process).
[Package Manager] Cannot connect to Unity Package Manager local server
Mono: successfully reloaded assembly
- Finished resetting the current domain, in  0.539 seconds
Domain Reload Profiling: 997ms
	BeginReloadAssembly (130ms)
		ExecutionOrderSort (0ms)
		DisableScriptedObjects (4ms)
		BackupInstance (0ms)
		ReleaseScriptingObjects (0ms)
		CreateAndSetChildDomain (32ms)
	RebuildCommonClasses (23ms)
	RebuildNativeTypeToScriptingClass (8ms)
	initialDomainReloadingComplete (17ms)
	LoadAllAssembliesAndSetupDomain (279ms)
		LoadAssemblies (217ms)
		RebuildTransferFunctionScriptingTraits (0ms)
		AnalyzeDomain (126ms)
			TypeCache.Refresh (6ms)
				TypeCache.ScanAssembly (0ms)
			BuildScriptInfoCaches (110ms)
			ResolveRequiredComponents (8ms)
	FinalizeReload (540ms)
		ReleaseScriptCaches (0ms)
		RebuildScriptCaches (0ms)
		SetupLoadedEditorAssemblies (416ms)
			LogAssemblyErrors (0ms)
			InitializePlatformSupportModulesInManaged (10ms)
			SetLoadedEditorAssemblies (3ms)
			BeforeProcessingInitializeOnLoad (65ms)
			ProcessInitializeOnLoadAttributes (295ms)
			ProcessInitializeOnLoadMethodAttributes (40ms)
			AfterProcessingInitializeOnLoad (3ms)
			EditorAssembliesLoaded (0ms)
		ExecutionOrderSort2 (0ms)
		AwakeInstancesAfterBackupRestoration (8ms)
Refreshing native plugins compatible for Editor in 0.49 ms, found 3 plugins.
Preloading 0 native plugins for Editor in 0.00 ms.
Unloading 14 Unused Serialized files (Serialized files now loaded: 0)
Unloading 6305 unused Assets / (3.8 MB). Loaded Objects now: 7000.
Memory consumption went from 145.4 MB to 141.6 MB.
Total: 4.759700 ms (FindLiveObjects: 0.350300 ms CreateObjectMapping: 0.200500 ms MarkObjects: 3.020100 ms  DeleteObjects: 1.187300 ms)

Prepare: number of updated asset objects reloaded= 0
========================================================================
Received Import Request.
  Time since last request: 4.321351 seconds.
  path: Assets/Scripts/FalseVideo.cs
  artifactKey: Guid(9af14bbcfa4c59a41904b5336f851147) Importer(815301076,1909f56bfc062723c751e8b465ee728b)
Start importing Assets/Scripts/FalseVideo.cs using Guid(9af14bbcfa4c59a41904b5336f851147) Importer(815301076,1909f56bfc062723c751e8b465ee728b) (PreviewImporter) -> (artifact id: 'ee890dd52873710b5f76d8cfd9660621') in 0.0044539 seconds
Number of updated asset objects reloaded before import = 0Number of asset objects unloaded after import = 0

========================================================================
Received Prepare
'Packages/com.unity.cinemachine/Editor/Obsolete/CinemachineVirtualCameraBaseEditor.cs' contains partial class of Unity.Object, exactly 1 of the partial classes needs to be in a file with the same filename. This is to know the one that can be referenced from ie. GameObjects
'Packages/com.unity.cinemachine/Editor/Editors/CinemachineVirtualCameraBaseEditor.cs' contains partial class of Unity.Object, exactly 1 of the partial classes needs to be in a file with the same filename. This is to know the one that can be referenced from ie. GameObjects
Refreshing native plugins compatible for Editor in 0.54 ms, found 3 plugins.
Preloading 0 native plugins for Editor in 0.00 ms.
Unloading 14 Unused Serialized files (Serialized files now loaded: 0)
Unloading 6298 unused Assets / (3.6 MB). Loaded Objects now: 7000.
Memory consumption went from 145.6 MB to 142.0 MB.
Total: 9.222900 ms (FindLiveObjects: 1.204700 ms CreateObjectMapping: 0.201100 ms MarkObjects: 5.601100 ms  DeleteObjects: 2.214500 ms)

Prepare: number of updated asset objects reloaded= 0
========================================================================
Received Import Request.
  Time since last request: 46.824039 seconds.
  path: Assets/Scripts/FalseVideo.cs
  artifactKey: Guid(9af14bbcfa4c59a41904b5336f851147) Importer(815301076,1909f56bfc062723c751e8b465ee728b)
Start importing Assets/Scripts/FalseVideo.cs using Guid(9af14bbcfa4c59a41904b5336f851147) Importer(815301076,1909f56bfc062723c751e8b465ee728b) (PreviewImporter) -> (artifact id: '6b0a88141556ed254529abfca55bed22') in 0.003725 seconds
Number of updated asset objects reloaded before import = 0Number of asset objects unloaded after import = 0

========================================================================
Received Prepare
Assembly reference Packages/com.unity.cinemachine/Editor/Samples/ExposeHDRPInternals/HDRP-Editor-ref.asmref has no target assembly definition
Assembly reference Packages/com.unity.cinemachine/Editor/Samples/ExposeHDRPInternals/HDRP-Editor-ref.asmref has no target assembly definition
Begin MonoManager ReloadAssembly
- Loaded All Assemblies, in  0.471 seconds
Assembly reference Packages/com.unity.cinemachine/Editor/Samples/ExposeHDRPInternals/HDRP-Editor-ref.asmref has no target assembly definition
'Packages/com.unity.cinemachine/Editor/Obsolete/CinemachineVirtualCameraBaseEditor.cs' contains partial class of Unity.Object, exactly 1 of the partial classes needs to be in a file with the same filename. This is to know the one that can be referenced from ie. GameObjects
'Packages/com.unity.cinemachine/Editor/Editors/CinemachineVirtualCameraBaseEditor.cs' contains partial class of Unity.Object, exactly 1 of the partial classes needs to be in a file with the same filename. This is to know the one that can be referenced from ie. GameObjects
Refreshing native plugins compatible for Editor in 0.45 ms, found 3 plugins.
Native extension for iOS target not found
Native extension for Android target not found
Native extension for WindowsStandalone target not found
Assembly reference Packages/com.unity.cinemachine/Editor/Samples/ExposeHDRPInternals/HDRP-Editor-ref.asmref has no target assembly definition
[Package Manager] Failed to launch server process. Reason: Unity was launched with the -noUpm command-line argument
[Package Manager] Unable to send message (not connected to server process).
[Package Manager] Cannot connect to Unity Package Manager local server
Mono: successfully reloaded assembly
- Finished resetting the current domain, in  0.568 seconds
Domain Reload Profiling: 1039ms
	BeginReloadAssembly (130ms)
		ExecutionOrderSort (0ms)
		DisableScriptedObjects (3ms)
		BackupInstance (0ms)
		ReleaseScriptingObjects (0ms)
		CreateAndSetChildDomain (32ms)
	RebuildCommonClasses (25ms)
	RebuildNativeTypeToScriptingClass (9ms)
	initialDomainReloadingComplete (17ms)
	LoadAllAssembliesAndSetupDomain (291ms)
		LoadAssemblies (226ms)
		RebuildTransferFunctionScriptingTraits (0ms)
		AnalyzeDomain (128ms)
			TypeCache.Refresh (6ms)
				TypeCache.ScanAssembly (0ms)
			BuildScriptInfoCaches (112ms)
			ResolveRequiredComponents (7ms)
	FinalizeReload (568ms)
		ReleaseScriptCaches (0ms)
		RebuildScriptCaches (0ms)
		SetupLoadedEditorAssemblies (444ms)
			LogAssemblyErrors (0ms)
			InitializePlatformSupportModulesInManaged (11ms)
			SetLoadedEditorAssemblies (3ms)
			BeforeProcessingInitializeOnLoad (73ms)
			ProcessInitializeOnLoadAttributes (320ms)
			ProcessInitializeOnLoadMethodAttributes (34ms)
			AfterProcessingInitializeOnLoad (2ms)
			EditorAssembliesLoaded (0ms)
		ExecutionOrderSort2 (0ms)
		AwakeInstancesAfterBackupRestoration (8ms)
Refreshing native plugins compatible for Editor in 0.48 ms, found 3 plugins.
Preloading 0 native plugins for Editor in 0.00 ms.
Unloading 14 Unused Serialized files (Serialized files now loaded: 0)
Unloading 6305 unused Assets / (3.5 MB). Loaded Objects now: 7002.
Memory consumption went from 149.3 MB to 145.8 MB.
Total: 4.460800 ms (FindLiveObjects: 0.342500 ms CreateObjectMapping: 0.209200 ms MarkObjects: 2.826400 ms  DeleteObjects: 1.082000 ms)

Prepare: number of updated asset objects reloaded= 0
========================================================================
Received Import Request.
  Time since last request: 749.526029 seconds.
  path: Assets/Videos/baby.mp4
  artifactKey: Guid(bb665fe267d8c1148b7be2a0113074e9) Importer(815301076,1909f56bfc062723c751e8b465ee728b)
Start importing Assets/Videos/baby.mp4 using Guid(bb665fe267d8c1148b7be2a0113074e9) Importer(815301076,1909f56bfc062723c751e8b465ee728b) (PreviewImporter) -> (artifact id: '4aa34bc6032e3b86dcab6c9d421acf90') in 0.0261552 seconds
Number of updated asset objects reloaded before import = 0Number of asset objects unloaded after import = 1

========================================================================
Received Import Request.
  Time since last request: 1439.648849 seconds.
  path: Assets/Lana Studio/Hyper Casual FX
  artifactKey: Guid(55a711bf0d11c464aa9a42e10cb0bf79) Importer(815301076,1909f56bfc062723c751e8b465ee728b)
Start importing Assets/Lana Studio/Hyper Casual FX using Guid(55a711bf0d11c464aa9a42e10cb0bf79) Importer(815301076,1909f56bfc062723c751e8b465ee728b) (PreviewImporter) -> (artifact id: 'bd937b86f454e43191bd6aac66f2bf08') in 0.0010364 seconds
Number of updated asset objects reloaded before import = 2Number of asset objects unloaded after import = 0

========================================================================
Received Import Request.
  Time since last request: 1.439952 seconds.
  path: Assets/Lana Studio/Hyper Casual FX/Demo
  artifactKey: Guid(4f10f6dba6845c04781ee961b669d182) Importer(815301076,1909f56bfc062723c751e8b465ee728b)
Start importing Assets/Lana Studio/Hyper Casual FX/Demo using Guid(4f10f6dba6845c04781ee961b669d182) Importer(815301076,1909f56bfc062723c751e8b465ee728b) (PreviewImporter) -> (artifact id: 'd090034c66b34504cdf4da2e75ee6e4c') in 0.0006027 seconds
Number of updated asset objects reloaded before import = 0Number of asset objects unloaded after import = 0

========================================================================
Received Import Request.
  Time since last request: 0.898231 seconds.
  path: Assets/Lana Studio/Hyper Casual FX/Demo/Animations
  artifactKey: Guid(40ceee6a63d9f8a44ab0bd0f5af89fdb) Importer(815301076,1909f56bfc062723c751e8b465ee728b)
Start importing Assets/Lana Studio/Hyper Casual FX/Demo/Animations using Guid(40ceee6a63d9f8a44ab0bd0f5af89fdb) Importer(815301076,1909f56bfc062723c751e8b465ee728b) (PreviewImporter) -> (artifact id: '1310002d32a229f7ebffd2fe88bd7530') in 0.000525 seconds
Number of updated asset objects reloaded before import = 0Number of asset objects unloaded after import = 0

========================================================================
Received Import Request.
  Time since last request: 5.951283 seconds.
  path: Assets/Lana Studio/Hyper Casual FX/Materials
  artifactKey: Guid(63fe2dc035ebc1544b785a36c1a8578b) Importer(815301076,1909f56bfc062723c751e8b465ee728b)
Start importing Assets/Lana Studio/Hyper Casual FX/Materials using Guid(63fe2dc035ebc1544b785a36c1a8578b) Importer(815301076,1909f56bfc062723c751e8b465ee728b) (PreviewImporter) -> (artifact id: 'c95475247f2a44249c6032fef89358a2') in 0.0005777 seconds
Number of updated asset objects reloaded before import = 0Number of asset objects unloaded after import = 0

========================================================================
Received Import Request.
  Time since last request: 0.063814 seconds.
  path: Assets/Lana Studio/Hyper Casual FX/Materials/Circles_AB.mat
  artifactKey: Guid(f7d420caf00b4e74c88b3682321312dd) Importer(815301076,1909f56bfc062723c751e8b465ee728b)
Start importing Assets/Lana Studio/Hyper Casual FX/Materials/Circles_AB.mat using Guid(f7d420caf00b4e74c88b3682321312dd) Importer(815301076,1909f56bfc062723c751e8b465ee728b) (PreviewImporter) -> (artifact id: 'ada77647086af2334e74d581da762193') in 0.3848792 seconds
Number of updated asset objects reloaded before import = 0Number of asset objects unloaded after import = 2

========================================================================
Received Import Request.
  Time since last request: 0.000024 seconds.
  path: Assets/Lana Studio/Hyper Casual FX/Materials/Drop_AB.mat
  artifactKey: Guid(d789bd285b0278848808ac4587043a4f) Importer(815301076,1909f56bfc062723c751e8b465ee728b)
Start importing Assets/Lana Studio/Hyper Casual FX/Materials/Drop_AB.mat using Guid(d789bd285b0278848808ac4587043a4f) Importer(815301076,1909f56bfc062723c751e8b465ee728b) (PreviewImporter) -> (artifact id: '3030d972841da922de5b27e4809c5473') in 0.0056521 seconds
Number of updated asset objects reloaded before import = 0Number of asset objects unloaded after import = 2

========================================================================
Received Import Request.
  Time since last request: 0.000024 seconds.
  path: Assets/Lana Studio/Hyper Casual FX/Materials/Square.mat
  artifactKey: Guid(4b527b1687387864c8998d612b2cc8d5) Importer(815301076,1909f56bfc062723c751e8b465ee728b)
Start importing Assets/Lana Studio/Hyper Casual FX/Materials/Square.mat using Guid(4b527b1687387864c8998d612b2cc8d5) Importer(815301076,1909f56bfc062723c751e8b465ee728b) (PreviewImporter) -> (artifact id: '23553fbd1bb0aad7eb13abf4e8d87851') in 0.0047875 seconds
Number of updated asset objects reloaded before import = 0Number of asset objects unloaded after import = 2

========================================================================
Received Import Request.
  Time since last request: 1.576259 seconds.
  path: Assets/Lana Studio/Hyper Casual FX/Textures/Circle02.png
  artifactKey: Guid(b27bcf37600cca24196520251965a496) Importer(815301076,1909f56bfc062723c751e8b465ee728b)
Start importing Assets/Lana Studio/Hyper Casual FX/Textures/Circle02.png using Guid(b27bcf37600cca24196520251965a496) Importer(815301076,1909f56bfc062723c751e8b465ee728b) (PreviewImporter) -> (artifact id: '7ed558438837fd000477cf6316affaf3') in 0.0235914 seconds
Number of updated asset objects reloaded before import = 0Number of asset objects unloaded after import = 6

========================================================================
Received Import Request.
  Time since last request: 2.160695 seconds.
  path: Assets/Lana Studio/Hyper Casual FX/Textures/drop.png
  artifactKey: Guid(fa7777da9f2101d4898e23c5e4b0010d) Importer(815301076,1909f56bfc062723c751e8b465ee728b)
Start importing Assets/Lana Studio/Hyper Casual FX/Textures/drop.png using Guid(fa7777da9f2101d4898e23c5e4b0010d) Importer(815301076,1909f56bfc062723c751e8b465ee728b) (PreviewImporter) -> (artifact id: '23be04ff8b6556fad8a0686831bb080d') in 0.0068705 seconds
Number of updated asset objects reloaded before import = 0Number of asset objects unloaded after import = 3

========================================================================
Received Import Request.
  Time since last request: 1.912364 seconds.
  path: Assets/Lana Studio/Hyper Casual FX/Textures/Square02.png
  artifactKey: Guid(beaff2d80f886c04bbee441e52b721a4) Importer(815301076,1909f56bfc062723c751e8b465ee728b)
Start importing Assets/Lana Studio/Hyper Casual FX/Textures/Square02.png using Guid(beaff2d80f886c04bbee441e52b721a4) Importer(815301076,1909f56bfc062723c751e8b465ee728b) (PreviewImporter) -> (artifact id: 'b03e15f634dc6acaeb9298dad1554712') in 0.0216791 seconds
Number of updated asset objects reloaded before import = 0Number of asset objects unloaded after import = 3

========================================================================
Received Import Request.
  Time since last request: 11.566130 seconds.
  path: Assets/Lana Studio/Hyper Casual FX/Models/Area_vertical.fbx
  artifactKey: Guid(753033b53c0fbc440b78a31104fbced9) Importer(815301076,1909f56bfc062723c751e8b465ee728b)
Start importing Assets/Lana Studio/Hyper Casual FX/Models/Area_vertical.fbx using Guid(753033b53c0fbc440b78a31104fbced9) Importer(815301076,1909f56bfc062723c751e8b465ee728b) (PreviewImporter) -> (artifact id: 'f53740df88de0ec4378e11d9435261ff') in 0.1812702 seconds
Number of updated asset objects reloaded before import = 0Number of asset objects unloaded after import = 10

========================================================================
Received Import Request.
  Time since last request: 5.781807 seconds.
  path: Assets/Lana Studio/Hyper Casual FX/Prefabs/Water
  artifactKey: Guid(1aed6974c012c7740b9578a6212b66df) Importer(815301076,1909f56bfc062723c751e8b465ee728b)
Start importing Assets/Lana Studio/Hyper Casual FX/Prefabs/Water using Guid(1aed6974c012c7740b9578a6212b66df) Importer(815301076,1909f56bfc062723c751e8b465ee728b) (PreviewImporter) -> (artifact id: '1c091228d38b8a78417033a5d8c68a09') in 0.0004875 seconds
Number of updated asset objects reloaded before import = 0Number of asset objects unloaded after import = 0

========================================================================
Received Import Request.
  Time since last request: 0.085085 seconds.
  path: Assets/Lana Studio/Hyper Casual FX/Prefabs/Water/Water_blast_blue.prefab
  artifactKey: Guid(155410a7086d1d34ca48c448dfc33156) Importer(815301076,1909f56bfc062723c751e8b465ee728b)
Start importing Assets/Lana Studio/Hyper Casual FX/Prefabs/Water/Water_blast_blue.prefab using Guid(155410a7086d1d34ca48c448dfc33156) Importer(815301076,1909f56bfc062723c751e8b465ee728b) (PreviewImporter) -> (artifact id: 'd132fe4d441b94de504087b75cce7c3b') in 0.0126117 seconds
Number of updated asset objects reloaded before import = 0Number of asset objects unloaded after import = 28

========================================================================
Received Import Request.
  Time since last request: 1.796744 seconds.
  path: Assets/Lana Studio/Hyper Casual FX/Prefabs/Area/Area_circles_blue.prefab
  artifactKey: Guid(cdc919a43bba95b4a8b6916b6aa5321d) Importer(815301076,1909f56bfc062723c751e8b465ee728b)
Start importing Assets/Lana Studio/Hyper Casual FX/Prefabs/Area/Area_circles_blue.prefab using Guid(cdc919a43bba95b4a8b6916b6aa5321d) Importer(815301076,1909f56bfc062723c751e8b465ee728b) (PreviewImporter) -> (artifact id: '7d00bd8351bf27aa30687f2e798262d3') in 0.0085009 seconds
Number of updated asset objects reloaded before import = 0Number of asset objects unloaded after import = 28

========================================================================
Received Import Request.
  Time since last request: 0.000017 seconds.
  path: Assets/Lana Studio/Hyper Casual FX/Prefabs/Area/Area_heal_green.prefab
  artifactKey: Guid(690951f4781b19649bc5c7892414ff37) Importer(815301076,1909f56bfc062723c751e8b465ee728b)
Start importing Assets/Lana Studio/Hyper Casual FX/Prefabs/Area/Area_heal_green.prefab using Guid(690951f4781b19649bc5c7892414ff37) Importer(815301076,1909f56bfc062723c751e8b465ee728b) (PreviewImporter) -> (artifact id: '4a21bfb04b78b392886f7e8ae3345441') in 0.0095345 seconds
Number of updated asset objects reloaded before import = 0Number of asset objects unloaded after import = 32

========================================================================
Received Import Request.
  Time since last request: 0.000018 seconds.
  path: Assets/Lana Studio/Hyper Casual FX/Prefabs/Area/Area_star_ellow.prefab
  artifactKey: Guid(07a977963523b3b4dbcaa27119f6b469) Importer(815301076,1909f56bfc062723c751e8b465ee728b)
Start importing Assets/Lana Studio/Hyper Casual FX/Prefabs/Area/Area_star_ellow.prefab using Guid(07a977963523b3b4dbcaa27119f6b469) Importer(815301076,1909f56bfc062723c751e8b465ee728b) (PreviewImporter) -> (artifact id: '44e9a689839f5f60a16e2cf24ce3d6a2') in 0.009088 seconds
Number of updated asset objects reloaded before import = 0Number of asset objects unloaded after import = 45

========================================================================
Received Import Request.
  Time since last request: 0.535542 seconds.
  path: Assets/Lana Studio/Hyper Casual FX/Prefabs/Confetti/Confetti_blast_multicolor.prefab
  artifactKey: Guid(2e79f16be10fbd14f8d5ef191f8db4aa) Importer(815301076,1909f56bfc062723c751e8b465ee728b)
Start importing Assets/Lana Studio/Hyper Casual FX/Prefabs/Confetti/Confetti_blast_multicolor.prefab using Guid(2e79f16be10fbd14f8d5ef191f8db4aa) Importer(815301076,1909f56bfc062723c751e8b465ee728b) (PreviewImporter) -> (artifact id: 'cdf65f947a3a7e2f3c65f256a36ee061') in 0.0085038 seconds
Number of updated asset objects reloaded before import = 0Number of asset objects unloaded after import = 31

========================================================================
Received Import Request.
  Time since last request: 0.517302 seconds.
  path: Assets/Lana Studio/Hyper Casual FX/Prefabs/Dust/Dust_permanently_blue.prefab
  artifactKey: Guid(4e12b3c53c0f8ee4da83655d8d2770d5) Importer(815301076,1909f56bfc062723c751e8b465ee728b)
Start importing Assets/Lana Studio/Hyper Casual FX/Prefabs/Dust/Dust_permanently_blue.prefab using Guid(4e12b3c53c0f8ee4da83655d8d2770d5) Importer(815301076,1909f56bfc062723c751e8b465ee728b) (PreviewImporter) -> (artifact id: 'fbcdc00f7c16b1b5ae8dcfb12fc756e9') in 0.0078253 seconds
Number of updated asset objects reloaded before import = 0Number of asset objects unloaded after import = 23

========================================================================
Received Import Request.
  Time since last request: 0.434266 seconds.
  path: Assets/Lana Studio/Hyper Casual FX/Prefabs/Flash/Flash_blue_purple.prefab
  artifactKey: Guid(7c19ad7a926fc084ea69d9ba4fedeeab) Importer(815301076,1909f56bfc062723c751e8b465ee728b)
Start importing Assets/Lana Studio/Hyper Casual FX/Prefabs/Flash/Flash_blue_purple.prefab using Guid(7c19ad7a926fc084ea69d9ba4fedeeab) Importer(815301076,1909f56bfc062723c751e8b465ee728b) (PreviewImporter) -> (artifact id: '851fe04910a9a062e29e7ed0590484bb') in 0.0071549 seconds
Number of updated asset objects reloaded before import = 0Number of asset objects unloaded after import = 29

========================================================================
Received Import Request.
  Time since last request: 0.000101 seconds.
  path: Assets/Lana Studio/Hyper Casual FX/Prefabs/Flash/Flash_magic_ellow_blue.prefab
  artifactKey: Guid(895c6d094b6b213418cddcfb520298e9) Importer(815301076,1909f56bfc062723c751e8b465ee728b)
Start importing Assets/Lana Studio/Hyper Casual FX/Prefabs/Flash/Flash_magic_ellow_blue.prefab using Guid(895c6d094b6b213418cddcfb520298e9) Importer(815301076,1909f56bfc062723c751e8b465ee728b) (PreviewImporter) -> (artifact id: '23def712aebc1469253362011d18e792') in 0.0081693 seconds
Number of updated asset objects reloaded before import = 0Number of asset objects unloaded after import = 32

========================================================================
Received Import Request.
  Time since last request: 0.000022 seconds.
  path: Assets/Lana Studio/Hyper Casual FX/Prefabs/Flash/Flash_star_ellow_green.prefab
  artifactKey: Guid(052d5f6cf7d3ebc44bba49fbe653f9a8) Importer(815301076,1909f56bfc062723c751e8b465ee728b)
Start importing Assets/Lana Studio/Hyper Casual FX/Prefabs/Flash/Flash_star_ellow_green.prefab using Guid(052d5f6cf7d3ebc44bba49fbe653f9a8) Importer(815301076,1909f56bfc062723c751e8b465ee728b) (PreviewImporter) -> (artifact id: 'af17ccafab40f9d21e18cd5df1bbef19') in 0.0079498 seconds
Number of updated asset objects reloaded before import = 0Number of asset objects unloaded after import = 35

========================================================================
Received Import Request.
  Time since last request: 0.000028 seconds.
  path: Assets/Lana Studio/Hyper Casual FX/Prefabs/Flash/Flash_magic_blue_pink.prefab
  artifactKey: Guid(064c608c3a271334299e1fa22913842f) Importer(815301076,1909f56bfc062723c751e8b465ee728b)
Start importing Assets/Lana Studio/Hyper Casual FX/Prefabs/Flash/Flash_magic_blue_pink.prefab using Guid(064c608c3a271334299e1fa22913842f) Importer(815301076,1909f56bfc062723c751e8b465ee728b) (PreviewImporter) -> (artifact id: '9bb084c97dbd54bfe15be3d8a590c71f') in 0.007361 seconds
Number of updated asset objects reloaded before import = 0Number of asset objects unloaded after import = 32

========================================================================
Received Import Request.
  Time since last request: 0.647760 seconds.
  path: Assets/Lana Studio/Hyper Casual FX/Prefabs/Sparkle/Sparkle_ellow.prefab
  artifactKey: Guid(49057b33ea71fbb4da4e8f02a8db9f28) Importer(815301076,1909f56bfc062723c751e8b465ee728b)
Start importing Assets/Lana Studio/Hyper Casual FX/Prefabs/Sparkle/Sparkle_ellow.prefab using Guid(49057b33ea71fbb4da4e8f02a8db9f28) Importer(815301076,1909f56bfc062723c751e8b465ee728b) (PreviewImporter) -> (artifact id: '5c3ae11494fe07dbe4fccfa32fd98609') in 0.0068896 seconds
Number of updated asset objects reloaded before import = 0Number of asset objects unloaded after import = 20

========================================================================
Received Import Request.
  Time since last request: 3.287804 seconds.
  path: Assets/Lana Studio/Hyper Casual FX/Textures/Blast_spiky.png
  artifactKey: Guid(4579d2edf18f11b439456de0178ff2eb) Importer(815301076,1909f56bfc062723c751e8b465ee728b)
Start importing Assets/Lana Studio/Hyper Casual FX/Textures/Blast_spiky.png using Guid(4579d2edf18f11b439456de0178ff2eb) Importer(815301076,1909f56bfc062723c751e8b465ee728b) (PreviewImporter) -> (artifact id: 'ac8b3b797d236cd9d19a4ba4aa2d6da3') in 0.006956 seconds
Number of updated asset objects reloaded before import = 0Number of asset objects unloaded after import = 3

========================================================================
Received Import Request.
  Time since last request: 0.000016 seconds.
  path: Assets/Lana Studio/Hyper Casual FX/Textures/Circle06.png
  artifactKey: Guid(19a47a1a975ddeb4992226a4867d9eb9) Importer(815301076,1909f56bfc062723c751e8b465ee728b)
Start importing Assets/Lana Studio/Hyper Casual FX/Textures/Circle06.png using Guid(19a47a1a975ddeb4992226a4867d9eb9) Importer(815301076,1909f56bfc062723c751e8b465ee728b) (PreviewImporter) -> (artifact id: 'ea3180f9f9cbfd45b02c99c6d2d7121b') in 0.0072291 seconds
Number of updated asset objects reloaded before import = 0Number of asset objects unloaded after import = 3

========================================================================
Received Import Request.
  Time since last request: 0.000018 seconds.
  path: Assets/Lana Studio/Hyper Casual FX/Textures/Shockwave_spiky.png
  artifactKey: Guid(ccd3c6eb8020e97489da396bf552b3ee) Importer(815301076,1909f56bfc062723c751e8b465ee728b)
Start importing Assets/Lana Studio/Hyper Casual FX/Textures/Shockwave_spiky.png using Guid(ccd3c6eb8020e97489da396bf552b3ee) Importer(815301076,1909f56bfc062723c751e8b465ee728b) (PreviewImporter) -> (artifact id: '2672099145d6c76aac989755813a2abe') in 0.0135774 seconds
Number of updated asset objects reloaded before import = 0Number of asset objects unloaded after import = 3

========================================================================
Received Import Request.
  Time since last request: 0.000019 seconds.
  path: Assets/Lana Studio/Hyper Casual FX/Textures/spark01.png
  artifactKey: Guid(ae34e1306c59ede4f8b9c9aee3551223) Importer(815301076,1909f56bfc062723c751e8b465ee728b)
Start importing Assets/Lana Studio/Hyper Casual FX/Textures/spark01.png using Guid(ae34e1306c59ede4f8b9c9aee3551223) Importer(815301076,1909f56bfc062723c751e8b465ee728b) (PreviewImporter) -> (artifact id: 'b7e04e0bedfac9260d74d5a48209b386') in 0.0112458 seconds
Number of updated asset objects reloaded before import = 0Number of asset objects unloaded after import = 3

========================================================================
Received Import Request.
  Time since last request: 0.000026 seconds.
  path: Assets/Lana Studio/Hyper Casual FX/Textures/Star02.png
  artifactKey: Guid(99b70ef2b0acc4c44a556d238188bef2) Importer(815301076,1909f56bfc062723c751e8b465ee728b)
Start importing Assets/Lana Studio/Hyper Casual FX/Textures/Star02.png using Guid(99b70ef2b0acc4c44a556d238188bef2) Importer(815301076,1909f56bfc062723c751e8b465ee728b) (PreviewImporter) -> (artifact id: '822cd244fed79ed2f980666e4ad9e002') in 0.0106563 seconds
Number of updated asset objects reloaded before import = 0Number of asset objects unloaded after import = 3

========================================================================
Received Import Request.
  Time since last request: 0.000019 seconds.
  path: Assets/Lana Studio/Hyper Casual FX/Textures/drop_green.png
  artifactKey: Guid(94ea43556dfb347439e67a9da6005b9a) Importer(815301076,1909f56bfc062723c751e8b465ee728b)
Start importing Assets/Lana Studio/Hyper Casual FX/Textures/drop_green.png using Guid(94ea43556dfb347439e67a9da6005b9a) Importer(815301076,1909f56bfc062723c751e8b465ee728b) (PreviewImporter) -> (artifact id: 'b0a7bf9cfad777e59b705299fd61af2e') in 0.0093082 seconds
Number of updated asset objects reloaded before import = 0Number of asset objects unloaded after import = 3

========================================================================
Received Import Request.
  Time since last request: 0.000016 seconds.
  path: Assets/Lana Studio/Hyper Casual FX/Textures/drop_blue.png
  artifactKey: Guid(5e4bcbaf759026e4aa009c3c728033cd) Importer(815301076,1909f56bfc062723c751e8b465ee728b)
Start importing Assets/Lana Studio/Hyper Casual FX/Textures/drop_blue.png using Guid(5e4bcbaf759026e4aa009c3c728033cd) Importer(815301076,1909f56bfc062723c751e8b465ee728b) (PreviewImporter) -> (artifact id: '25e57e28ce99b2f7c9b5386cc97fa6ef') in 0.0127949 seconds
Number of updated asset objects reloaded before import = 0Number of asset objects unloaded after import = 3

========================================================================
Received Import Request.
  Time since last request: 41.690648 seconds.
  path: Assets/Lana Studio/Hyper Casual FX/Prefabs/Shine/Shine_ellow.prefab
  artifactKey: Guid(b6e54acc881a03c4a9719b161a25a3e3) Importer(815301076,1909f56bfc062723c751e8b465ee728b)
Start importing Assets/Lana Studio/Hyper Casual FX/Prefabs/Shine/Shine_ellow.prefab using Guid(b6e54acc881a03c4a9719b161a25a3e3) Importer(815301076,1909f56bfc062723c751e8b465ee728b) (PreviewImporter) -> (artifact id: '00e1126c47bad2cf405e63720a351988') in 0.009013 seconds
Number of updated asset objects reloaded before import = 0Number of asset objects unloaded after import = 29

Editor requested this worker to shutdown with reason: Scaling down because of idle timeout
AssetImportWorker is now disconnected from the server
Process exiting
Exiting without the bug reporter. Application will terminate with return code 0